Feb-29 11:37:49.867 [main] DEBUG nextflow.cli.Launcher - $> ./launch.sh -trace org.apache.ignite.spi.collision.jobstealing node
Feb-29 11:37:50.171 [main] INFO  nextflow.daemon.IgDaemon - Configuring Apache Ignite cluster daemon
Feb-29 11:37:50.181 [main] DEBUG nextflow.daemon.IgGridFactory - Configuration properties for role: 'worker' -- [:]
Feb-29 11:37:50.252 [main] DEBUG nextflow.daemon.IgGridFactory - Apache Ignite config > group name: nextflow
Feb-29 11:37:50.327 [main] INFO  o.a.i.internal.IgniteKernal%nextflow - Config URL: n/a
Feb-29 11:37:50.328 [main] INFO  o.a.i.internal.IgniteKernal%nextflow - Daemon mode: off
Feb-29 11:37:50.328 [main] INFO  o.a.i.internal.IgniteKernal%nextflow - OS: Mac OS X 10.11.2 x86_64
Feb-29 11:37:50.328 [main] INFO  o.a.i.internal.IgniteKernal%nextflow - OS user: pditommaso
Feb-29 11:37:50.328 [main] INFO  o.a.i.internal.IgniteKernal%nextflow - Language runtime: Groovy
Feb-29 11:37:50.328 [main] INFO  o.a.i.internal.IgniteKernal%nextflow - VM information: Java(TM) SE Runtime Environment 1.8.0_65-b17 Oracle Corporation Java HotSpot(TM) 64-Bit Server VM 25.65-b01
Feb-29 11:37:50.329 [main] INFO  o.a.i.internal.IgniteKernal%nextflow - VM total memory: 4.0GB
Feb-29 11:37:50.329 [main] INFO  o.a.i.internal.IgniteKernal%nextflow - Remote Management [restart: off, REST: on, JMX (remote: off)]
Feb-29 11:37:50.329 [main] INFO  o.a.i.internal.IgniteKernal%nextflow - IGNITE_HOME=null
Feb-29 11:37:50.329 [main] INFO  o.a.i.internal.IgniteKernal%nextflow - VM arguments: [-Xverify:none, -XX:+TieredCompilation, -XX:TieredStopAtLevel=1, -XX:+UseG1GC, -XX:+TieredCompilation, -XX:TieredStopAtLevel=1]
Feb-29 11:37:50.330 [main] INFO  o.a.i.internal.IgniteKernal%nextflow - Configured caches ['ignite-marshaller-sys-cache', 'ignite-sys-cache', 'ignite-atomics-sys-cache', 'allSessions', 'igfs-meta', 'igfs-data', 'resourceCache']
Feb-29 11:37:50.332 [main] INFO  o.a.i.internal.IgniteKernal%nextflow - Local node user attribute [ROLE=worker]
Feb-29 11:37:50.334 [pub-#6%nextflow%] WARN  o.a.ignite.internal.GridDiagnostic - Initial heap size is 256MB (should be no less than 512MB, use -Xms512m -Xmx512m).
Feb-29 11:37:50.367 [main] INFO  o.a.i.internal.IgniteKernal%nextflow - Non-loopback local IPs: 172.17.4.178, fe80:0:0:0:aa20:66ff:fe2b:18fe%en2
Feb-29 11:37:50.367 [main] INFO  o.a.i.internal.IgniteKernal%nextflow - Enabled local MACs: A820662B18FE
Feb-29 11:37:50.375 [main] INFO  o.a.i.i.p.p.IgnitePluginProcessor - Configured plugins:
Feb-29 11:37:50.375 [main] INFO  o.a.i.i.p.p.IgnitePluginProcessor -   ^-- None
Feb-29 11:37:50.375 [main] INFO  o.a.i.i.p.p.IgnitePluginProcessor - 
Feb-29 11:37:50.422 [main] INFO  o.a.i.s.c.tcp.TcpCommunicationSpi - IPC shared memory server endpoint started [port=48101, tokDir=/Users/pditommaso/scratch/temp/ignite/ipc/shmem/4a472158-695d-4967-a09c-0169492acc68-4375]
Feb-29 11:37:50.422 [main] INFO  o.a.i.s.c.tcp.TcpCommunicationSpi - Successfully bound shared memory communication to TCP port [port=48101, locHost=0.0.0.0/0.0.0.0]
Feb-29 11:37:50.440 [main] INFO  o.a.i.s.c.tcp.TcpCommunicationSpi - Successfully bound to TCP port [port=47101, locHost=0.0.0.0/0.0.0.0]
Feb-29 11:37:50.452 [main] WARN  o.a.i.s.c.noop.NoopCheckpointSpi - Checkpoints are disabled (to enable configure any GridCheckpointSpi implementation)
Feb-29 11:37:50.462 [main] DEBUG nextflow.scheduler.JobBalancerSpi - Registered SPI MBean: org.apache:clsLdr=33909752,grid=nextflow,group=SPIs,name=JobBalancerSpi
Feb-29 11:37:50.463 [main] DEBUG nextflow.scheduler.JobBalancerSpi - SPI started ok [startMs=0, spiMBean=org.apache:clsLdr=33909752,grid=nextflow,group=SPIs,name=JobBalancerSpi]
Feb-29 11:37:50.467 [main] DEBUG o.a.i.s.c.j.JobStealingCollisionSpi - Using parameter [activeJobsThreshold=1]
Feb-29 11:37:50.467 [main] DEBUG o.a.i.s.c.j.JobStealingCollisionSpi - Using parameter [waitJobsThreshold=0]
Feb-29 11:37:50.467 [main] DEBUG o.a.i.s.c.j.JobStealingCollisionSpi - Using parameter [messageExpireTime=1000]
Feb-29 11:37:50.467 [main] DEBUG o.a.i.s.c.j.JobStealingCollisionSpi - Using parameter [maxStealingAttempts=5]
Feb-29 11:37:50.469 [main] DEBUG o.a.i.s.c.j.JobStealingCollisionSpi - Registered SPI MBean: org.apache:clsLdr=33909752,grid=nextflow,group=SPIs,name=JobStealingCollisionSpi
Feb-29 11:37:50.469 [main] DEBUG o.a.i.s.c.j.JobStealingCollisionSpi - SPI started ok [startMs=0, spiMBean=org.apache:clsLdr=33909752,grid=nextflow,group=SPIs,name=JobStealingCollisionSpi]
Feb-29 11:37:50.471 [main] WARN  o.a.i.s.s.noop.NoopSwapSpaceSpi - Swap space is disabled. To enable use FileSwapSpaceSpi.
Feb-29 11:37:50.472 [main] INFO  o.a.i.internal.IgniteKernal%nextflow - Security status [authentication=off, tls/ssl=off]
Feb-29 11:37:50.579 [main] INFO  o.a.i.i.p.r.p.t.GridTcpRestProtocol - Command protocol successfully started [name=TCP binary, host=0.0.0.0/0.0.0.0, port=11212]
Feb-29 11:37:50.603 [main] WARN  o.a.i.i.p.igfs.IgfsServerManager - Failed to start IGFS endpoint (will retry every 3s). Failed to bind to port (is port already in use?): 10500
Feb-29 11:37:50.604 [main] WARN  o.a.i.i.p.igfs.IgfsServerManager - Failed to start IGFS management endpoint (will retry every 3s). Failed to bind to port (is port already in use?): 11400
Feb-29 11:37:50.623 [main] INFO  o.a.i.s.d.tcp.TcpDiscoverySpi - Successfully bound to TCP port [port=47501, localHost=0.0.0.0/0.0.0.0]
Feb-29 11:37:50.629 [main] WARN  o.a.i.s.d.t.i.m.TcpDiscoveryMulticastIpFinder - TcpDiscoveryMulticastIpFinder has no pre-configured addresses (it is recommended in production to specify at least one address in TcpDiscoveryMulticastIpFinder.getAddresses() configuration property)
Feb-29 11:37:51.290 [main] WARN  o.a.i.i.p.c.GridCacheEvictionManager - <igfs-data> Evictions are not synchronized with other nodes in topology which provides 2x-3x better performance but may cause data inconsistency if cache store is not configured (consider changing 'evictSynchronized' configuration property).
Feb-29 11:37:51.307 [main] INFO  o.a.i.i.p.cache.GridCacheProcessor - Started cache [name=igfs-data, mode=PARTITIONED]
Feb-29 11:37:51.310 [main] WARN  o.a.i.i.p.cache.GridCacheProcessor - Eviction policy not enabled with ONHEAP_TIERED mode for cache (entries will not be moved to off-heap store): allSessions
Feb-29 11:37:51.348 [main] INFO  o.a.i.i.p.cache.GridCacheProcessor - Started cache [name=allSessions, mode=PARTITIONED]
Feb-29 11:37:51.352 [main] INFO  o.a.i.i.p.cache.GridCacheProcessor - Started cache [name=ignite-sys-cache, mode=REPLICATED]
Feb-29 11:37:51.357 [main] INFO  o.a.i.i.p.cache.GridCacheProcessor - Started cache [name=ignite-atomics-sys-cache, mode=PARTITIONED]
Feb-29 11:37:51.362 [main] INFO  o.a.i.i.p.cache.GridCacheProcessor - Started cache [name=resourceCache, mode=REPLICATED]
Feb-29 11:37:51.367 [main] INFO  o.a.i.i.p.cache.GridCacheProcessor - Started cache [name=igfs-meta, mode=REPLICATED]
Feb-29 11:37:51.368 [main] INFO  o.a.i.i.p.cache.GridCacheProcessor - Started cache [name=ignite-marshaller-sys-cache, mode=REPLICATED]
Feb-29 11:37:51.545 [exchange-worker-#53%nextflow%] INFO  o.a.i.i.p.c.GridCachePartitionExchangeManager - Cache rebalancing scheduled: [cache=ignite-sys-cache, waitList=[]]
Feb-29 11:37:51.545 [exchange-worker-#53%nextflow%] INFO  o.a.i.i.p.c.GridCachePartitionExchangeManager - Cache rebalancing scheduled: [cache=ignite-marshaller-sys-cache, waitList=[]]
Feb-29 11:37:51.546 [exchange-worker-#53%nextflow%] INFO  o.a.i.i.p.c.GridCachePartitionExchangeManager - Cache rebalancing scheduled: [cache=ignite-atomics-sys-cache, waitList=[ignite-sys-cache, ignite-marshaller-sys-cache]]
Feb-29 11:37:51.546 [exchange-worker-#53%nextflow%] INFO  o.a.i.i.p.c.GridCachePartitionExchangeManager - Cache rebalancing scheduled: [cache=igfs-data, waitList=[ignite-sys-cache, ignite-marshaller-sys-cache, ignite-atomics-sys-cache]]
Feb-29 11:37:51.546 [exchange-worker-#53%nextflow%] INFO  o.a.i.i.p.c.GridCachePartitionExchangeManager - Cache rebalancing scheduled: [cache=allSessions, waitList=[ignite-sys-cache, ignite-marshaller-sys-cache, ignite-atomics-sys-cache]]
Feb-29 11:37:51.546 [exchange-worker-#53%nextflow%] INFO  o.a.i.i.p.c.GridCachePartitionExchangeManager - Cache rebalancing scheduled: [cache=resourceCache, waitList=[ignite-sys-cache, ignite-marshaller-sys-cache, ignite-atomics-sys-cache]]
Feb-29 11:37:51.546 [exchange-worker-#53%nextflow%] INFO  o.a.i.i.p.c.GridCachePartitionExchangeManager - Cache rebalancing scheduled: [cache=igfs-meta, waitList=[ignite-sys-cache, ignite-marshaller-sys-cache, ignite-atomics-sys-cache]]
Feb-29 11:37:51.548 [exchange-worker-#53%nextflow%] INFO  o.a.i.i.p.c.GridCachePartitionExchangeManager - Rebalancing required[top=AffinityTopologyVersion [topVer=2, minorTopVer=0], evt=NODE_JOINED, node=4a472158-695d-4967-a09c-0169492acc68]
Feb-29 11:37:51.549 [exchange-worker-#53%nextflow%] INFO  o.a.i.i.p.c.d.d.p.GridDhtPartitionDemander - <ignite-marshaller-sys-cache> Starting rebalancing [cache=ignite-marshaller-sys-cache, mode=SYNC, fromNode=f9e60338-85c4-4226-8795-1eecebc6021a, partitionsCount=20, topology=AffinityTopologyVersion [topVer=2, minorTopVer=0], updateSeq=1]
Feb-29 11:37:51.551 [sys-#19%nextflow%] INFO  o.a.i.i.p.c.d.d.p.GridDhtPartitionDemander - <ignite-sys-cache> Starting rebalancing [cache=ignite-sys-cache, mode=SYNC, fromNode=f9e60338-85c4-4226-8795-1eecebc6021a, partitionsCount=100, topology=AffinityTopologyVersion [topVer=2, minorTopVer=0], updateSeq=1]
Feb-29 11:37:51.566 [marshaller-cache-#58%nextflow%] INFO  o.a.i.i.p.c.d.d.p.GridDhtPartitionDemander - <ignite-marshaller-sys-cache> Completed (final) rebalancing [cache=ignite-marshaller-sys-cache, fromNode=f9e60338-85c4-4226-8795-1eecebc6021a, topology=AffinityTopologyVersion [topVer=2, minorTopVer=0], time=21 ms]
Feb-29 11:37:51.569 [marshaller-cache-#58%nextflow%] INFO  o.a.i.i.p.c.d.d.p.GridDhtPartitionDemander - <ignite-sys-cache> Completed (final) rebalancing [cache=ignite-sys-cache, fromNode=f9e60338-85c4-4226-8795-1eecebc6021a, topology=AffinityTopologyVersion [topVer=2, minorTopVer=0], time=10 ms]
Feb-29 11:37:51.569 [sys-#19%nextflow%] INFO  o.a.i.i.p.c.d.d.p.GridDhtPartitionDemander - <ignite-atomics-sys-cache> Starting rebalancing [cache=ignite-atomics-sys-cache, mode=SYNC, fromNode=f9e60338-85c4-4226-8795-1eecebc6021a, partitionsCount=510, topology=AffinityTopologyVersion [topVer=2, minorTopVer=0], updateSeq=1]
Feb-29 11:37:51.585 [sys-#20%nextflow%] INFO  o.a.i.i.p.c.d.d.p.GridDhtPartitionDemander - <ignite-atomics-sys-cache> Completed (final) rebalancing [cache=ignite-atomics-sys-cache, fromNode=f9e60338-85c4-4226-8795-1eecebc6021a, topology=AffinityTopologyVersion [topVer=2, minorTopVer=0], time=22 ms]
Feb-29 11:37:51.586 [sys-#19%nextflow%] INFO  o.a.i.i.p.c.d.d.p.GridDhtPartitionDemander - <igfs-data> Starting rebalancing [cache=igfs-data, mode=ASYNC, fromNode=f9e60338-85c4-4226-8795-1eecebc6021a, partitionsCount=510, topology=AffinityTopologyVersion [topVer=2, minorTopVer=0], updateSeq=1]
Feb-29 11:37:51.586 [sys-#19%nextflow%] INFO  o.a.i.i.p.c.d.d.p.GridDhtPartitionDemander - <allSessions> Starting rebalancing [cache=allSessions, mode=ASYNC, fromNode=f9e60338-85c4-4226-8795-1eecebc6021a, partitionsCount=510, topology=AffinityTopologyVersion [topVer=2, minorTopVer=0], updateSeq=1]
Feb-29 11:37:51.587 [sys-#19%nextflow%] INFO  o.a.i.i.p.c.d.d.p.GridDhtPartitionDemander - <resourceCache> Starting rebalancing [cache=resourceCache, mode=ASYNC, fromNode=f9e60338-85c4-4226-8795-1eecebc6021a, partitionsCount=512, topology=AffinityTopologyVersion [topVer=2, minorTopVer=0], updateSeq=1]
Feb-29 11:37:51.588 [sys-#19%nextflow%] INFO  o.a.i.i.p.c.d.d.p.GridDhtPartitionDemander - <igfs-meta> Starting rebalancing [cache=igfs-meta, mode=ASYNC, fromNode=f9e60338-85c4-4226-8795-1eecebc6021a, partitionsCount=512, topology=AffinityTopologyVersion [topVer=2, minorTopVer=0], updateSeq=1]
Feb-29 11:37:51.623 [sys-#21%nextflow%] INFO  o.a.i.i.p.c.d.d.p.GridDhtPartitionDemander - <igfs-data> Completed (final) rebalancing [cache=igfs-data, fromNode=f9e60338-85c4-4226-8795-1eecebc6021a, topology=AffinityTopologyVersion [topVer=2, minorTopVer=0], time=32 ms]
Feb-29 11:37:51.624 [main] INFO  o.a.i.internal.IgniteKernal%nextflow - Performance suggestions for grid 'nextflow' (fix if possible)
Feb-29 11:37:51.624 [main] INFO  o.a.i.internal.IgniteKernal%nextflow - To disable, set -DIGNITE_PERFORMANCE_SUGGESTIONS_DISABLED=true
Feb-29 11:37:51.624 [main] INFO  o.a.i.internal.IgniteKernal%nextflow -   ^-- Disable collision resolution (remove 'collisionSpi' from configuration)
Feb-29 11:37:51.624 [main] INFO  o.a.i.internal.IgniteKernal%nextflow - 
Feb-29 11:37:51.624 [main] INFO  o.a.i.internal.IgniteKernal%nextflow - To start Console Management & Monitoring run ignitevisorcmd.{sh|bat}
Feb-29 11:37:51.625 [main] INFO  o.a.i.internal.IgniteKernal%nextflow - 
Feb-29 11:37:51.625 [main] INFO  o.a.i.internal.IgniteKernal%nextflow - 

>>> +----------------------------------------------------------------------------+
>>> Ignite ver. 1.5.0-final#20151229-sha1:f1f8cda2f3f62231f42a59951bf34c39577c1bec
>>> +----------------------------------------------------------------------------+
>>> OS name: Mac OS X 10.11.2 x86_64
>>> CPU(s): 8
>>> Heap: 4.0GB
>>> VM name: 4375@Retina.local
>>> Grid name: nextflow
>>> Local node [ID=4A472158-695D-4967-A09C-0169492ACC68, order=2, clientMode=false]
>>> Local node addresses: [172.17.4.178/0:0:0:0:0:0:0:1, /127.0.0.1, /172.17.4.178]
>>> Local ports: TCP:11212 TCP:47101 UDP:47400 TCP:47501 TCP:48101 

Feb-29 11:37:51.626 [main] INFO  o.a.i.i.m.d.GridDiscoveryManager - Topology snapshot [ver=2, servers=2, clients=0, CPUs=8, heap=8.0GB]
Feb-29 11:37:51.627 [main] DEBUG nextflow.daemon.IgDaemon - Configuring Apache Ignite file system
Feb-29 11:37:51.635 [sys-#22%nextflow%] INFO  o.a.i.i.p.c.d.d.p.GridDhtPartitionDemander - <allSessions> Completed (final) rebalancing [cache=allSessions, fromNode=f9e60338-85c4-4226-8795-1eecebc6021a, topology=AffinityTopologyVersion [topVer=2, minorTopVer=0], time=44 ms]
Feb-29 11:37:51.638 [sys-#22%nextflow%] INFO  o.a.i.i.p.c.d.d.p.GridDhtPartitionDemander - <resourceCache> Completed (final) rebalancing [cache=resourceCache, fromNode=f9e60338-85c4-4226-8795-1eecebc6021a, topology=AffinityTopologyVersion [topVer=2, minorTopVer=0], time=55 ms]
Feb-29 11:37:51.641 [main] DEBUG nextflow.file.FileHelper - Creating a file system instance for provider: IgFileSystemProvider
Feb-29 11:37:51.641 [sys-#22%nextflow%] INFO  o.a.i.i.p.c.d.d.p.GridDhtPartitionDemander - <igfs-meta> Completed (final) rebalancing [cache=igfs-meta, fromNode=f9e60338-85c4-4226-8795-1eecebc6021a, topology=AffinityTopologyVersion [topVer=2, minorTopVer=0], time=55 ms]
Feb-29 11:37:52.297 [disco-event-worker-#50%nextflow%] DEBUG o.a.i.s.c.j.JobStealingCollisionSpi - Total number of jobs to be stolen: 1
Feb-29 11:37:52.297 [disco-event-worker-#50%nextflow%] DEBUG o.a.i.s.c.j.JobStealingCollisionSpi - Maximum number of jobs to steal from node [jobsToSteal=2, node=f9e60338-85c4-4226-8795-1eecebc6021a]
Feb-29 11:37:54.294 [disco-event-worker-#50%nextflow%] DEBUG o.a.i.s.c.j.JobStealingCollisionSpi - Total number of jobs to be stolen: 1
Feb-29 11:37:54.294 [disco-event-worker-#50%nextflow%] DEBUG o.a.i.s.c.j.JobStealingCollisionSpi - Maximum number of jobs to steal from node [jobsToSteal=2, node=f9e60338-85c4-4226-8795-1eecebc6021a]
Feb-29 11:37:56.303 [disco-event-worker-#50%nextflow%] DEBUG o.a.i.s.c.j.JobStealingCollisionSpi - Total number of jobs to be stolen: 1
Feb-29 11:37:56.304 [disco-event-worker-#50%nextflow%] DEBUG o.a.i.s.c.j.JobStealingCollisionSpi - Maximum number of jobs to steal from node [jobsToSteal=2, node=f9e60338-85c4-4226-8795-1eecebc6021a]
Feb-29 11:37:58.304 [disco-event-worker-#50%nextflow%] DEBUG o.a.i.s.c.j.JobStealingCollisionSpi - Total number of jobs to be stolen: 1
Feb-29 11:37:58.305 [disco-event-worker-#50%nextflow%] DEBUG o.a.i.s.c.j.JobStealingCollisionSpi - Maximum number of jobs to steal from node [jobsToSteal=2, node=f9e60338-85c4-4226-8795-1eecebc6021a]
Feb-29 11:38:00.456 [disco-event-worker-#50%nextflow%] DEBUG o.a.i.s.c.j.JobStealingCollisionSpi - Total number of jobs to be stolen: 1
Feb-29 11:38:00.456 [disco-event-worker-#50%nextflow%] DEBUG o.a.i.s.c.j.JobStealingCollisionSpi - Maximum number of jobs to steal from node [jobsToSteal=2, node=f9e60338-85c4-4226-8795-1eecebc6021a]
Feb-29 11:38:02.308 [disco-event-worker-#50%nextflow%] DEBUG o.a.i.s.c.j.JobStealingCollisionSpi - Total number of jobs to be stolen: 1
Feb-29 11:38:02.308 [disco-event-worker-#50%nextflow%] DEBUG o.a.i.s.c.j.JobStealingCollisionSpi - Maximum number of jobs to steal from node [jobsToSteal=2, node=f9e60338-85c4-4226-8795-1eecebc6021a]
Feb-29 11:38:04.317 [disco-event-worker-#50%nextflow%] DEBUG o.a.i.s.c.j.JobStealingCollisionSpi - Total number of jobs to be stolen: 1
Feb-29 11:38:04.317 [disco-event-worker-#50%nextflow%] DEBUG o.a.i.s.c.j.JobStealingCollisionSpi - Maximum number of jobs to steal from node [jobsToSteal=2, node=f9e60338-85c4-4226-8795-1eecebc6021a]
Feb-29 11:38:06.327 [disco-event-worker-#50%nextflow%] DEBUG o.a.i.s.c.j.JobStealingCollisionSpi - Total number of jobs to be stolen: 1
Feb-29 11:38:06.327 [disco-event-worker-#50%nextflow%] DEBUG o.a.i.s.c.j.JobStealingCollisionSpi - Maximum number of jobs to steal from node [jobsToSteal=2, node=f9e60338-85c4-4226-8795-1eecebc6021a]
Feb-29 11:38:08.332 [disco-event-worker-#50%nextflow%] DEBUG o.a.i.s.c.j.JobStealingCollisionSpi - Total number of jobs to be stolen: 1
Feb-29 11:38:08.333 [disco-event-worker-#50%nextflow%] DEBUG o.a.i.s.c.j.JobStealingCollisionSpi - Maximum number of jobs to steal from node [jobsToSteal=2, node=f9e60338-85c4-4226-8795-1eecebc6021a]
Feb-29 11:38:10.340 [disco-event-worker-#50%nextflow%] DEBUG o.a.i.s.c.j.JobStealingCollisionSpi - Total number of jobs to be stolen: 1
Feb-29 11:38:10.341 [disco-event-worker-#50%nextflow%] DEBUG o.a.i.s.c.j.JobStealingCollisionSpi - Maximum number of jobs to steal from node [jobsToSteal=2, node=f9e60338-85c4-4226-8795-1eecebc6021a]
Feb-29 11:38:12.347 [disco-event-worker-#50%nextflow%] DEBUG o.a.i.s.c.j.JobStealingCollisionSpi - Total number of jobs to be stolen: 1
Feb-29 11:38:12.348 [disco-event-worker-#50%nextflow%] DEBUG o.a.i.s.c.j.JobStealingCollisionSpi - Maximum number of jobs to steal from node [jobsToSteal=2, node=f9e60338-85c4-4226-8795-1eecebc6021a]
Feb-29 11:38:14.348 [disco-event-worker-#50%nextflow%] DEBUG o.a.i.s.c.j.JobStealingCollisionSpi - Total number of jobs to be stolen: 1
Feb-29 11:38:14.348 [disco-event-worker-#50%nextflow%] DEBUG o.a.i.s.c.j.JobStealingCollisionSpi - Maximum number of jobs to steal from node [jobsToSteal=2, node=f9e60338-85c4-4226-8795-1eecebc6021a]
Feb-29 11:38:16.354 [disco-event-worker-#50%nextflow%] DEBUG o.a.i.s.c.j.JobStealingCollisionSpi - Total number of jobs to be stolen: 1
Feb-29 11:38:16.354 [disco-event-worker-#50%nextflow%] DEBUG o.a.i.s.c.j.JobStealingCollisionSpi - Maximum number of jobs to steal from node [jobsToSteal=2, node=f9e60338-85c4-4226-8795-1eecebc6021a]
Feb-29 11:38:18.359 [disco-event-worker-#50%nextflow%] DEBUG o.a.i.s.c.j.JobStealingCollisionSpi - Total number of jobs to be stolen: 1
Feb-29 11:38:18.360 [disco-event-worker-#50%nextflow%] DEBUG o.a.i.s.c.j.JobStealingCollisionSpi - Maximum number of jobs to steal from node [jobsToSteal=2, node=f9e60338-85c4-4226-8795-1eecebc6021a]
Feb-29 11:38:20.360 [disco-event-worker-#50%nextflow%] DEBUG o.a.i.s.c.j.JobStealingCollisionSpi - Total number of jobs to be stolen: 1
Feb-29 11:38:20.360 [disco-event-worker-#50%nextflow%] DEBUG o.a.i.s.c.j.JobStealingCollisionSpi - Maximum number of jobs to steal from node [jobsToSteal=2, node=f9e60338-85c4-4226-8795-1eecebc6021a]
Feb-29 11:38:22.372 [disco-event-worker-#50%nextflow%] DEBUG o.a.i.s.c.j.JobStealingCollisionSpi - Total number of jobs to be stolen: 1
Feb-29 11:38:22.372 [disco-event-worker-#50%nextflow%] DEBUG o.a.i.s.c.j.JobStealingCollisionSpi - Maximum number of jobs to steal from node [jobsToSteal=2, node=f9e60338-85c4-4226-8795-1eecebc6021a]
Feb-29 11:38:24.377 [disco-event-worker-#50%nextflow%] DEBUG o.a.i.s.c.j.JobStealingCollisionSpi - Total number of jobs to be stolen: 1
Feb-29 11:38:24.378 [disco-event-worker-#50%nextflow%] DEBUG o.a.i.s.c.j.JobStealingCollisionSpi - Maximum number of jobs to steal from node [jobsToSteal=2, node=f9e60338-85c4-4226-8795-1eecebc6021a]
Feb-29 11:38:26.381 [disco-event-worker-#50%nextflow%] DEBUG o.a.i.s.c.j.JobStealingCollisionSpi - Total number of jobs to be stolen: 1
Feb-29 11:38:26.382 [disco-event-worker-#50%nextflow%] DEBUG o.a.i.s.c.j.JobStealingCollisionSpi - Maximum number of jobs to steal from node [jobsToSteal=2, node=f9e60338-85c4-4226-8795-1eecebc6021a]
Feb-29 11:38:28.387 [disco-event-worker-#50%nextflow%] DEBUG o.a.i.s.c.j.JobStealingCollisionSpi - Total number of jobs to be stolen: 1
Feb-29 11:38:28.387 [disco-event-worker-#50%nextflow%] DEBUG o.a.i.s.c.j.JobStealingCollisionSpi - Maximum number of jobs to steal from node [jobsToSteal=2, node=f9e60338-85c4-4226-8795-1eecebc6021a]
Feb-29 11:38:30.398 [disco-event-worker-#50%nextflow%] DEBUG o.a.i.s.c.j.JobStealingCollisionSpi - Total number of jobs to be stolen: 1
Feb-29 11:38:30.398 [disco-event-worker-#50%nextflow%] DEBUG o.a.i.s.c.j.JobStealingCollisionSpi - Maximum number of jobs to steal from node [jobsToSteal=2, node=f9e60338-85c4-4226-8795-1eecebc6021a]
Feb-29 11:38:32.406 [disco-event-worker-#50%nextflow%] DEBUG o.a.i.s.c.j.JobStealingCollisionSpi - Total number of jobs to be stolen: 1
Feb-29 11:38:32.406 [disco-event-worker-#50%nextflow%] DEBUG o.a.i.s.c.j.JobStealingCollisionSpi - Maximum number of jobs to steal from node [jobsToSteal=2, node=f9e60338-85c4-4226-8795-1eecebc6021a]
Feb-29 11:38:34.405 [disco-event-worker-#50%nextflow%] DEBUG o.a.i.s.c.j.JobStealingCollisionSpi - Total number of jobs to be stolen: 1
Feb-29 11:38:34.405 [disco-event-worker-#50%nextflow%] DEBUG o.a.i.s.c.j.JobStealingCollisionSpi - Maximum number of jobs to steal from node [jobsToSteal=2, node=f9e60338-85c4-4226-8795-1eecebc6021a]
Feb-29 11:38:36.409 [disco-event-worker-#50%nextflow%] DEBUG o.a.i.s.c.j.JobStealingCollisionSpi - Total number of jobs to be stolen: 1
Feb-29 11:38:36.409 [disco-event-worker-#50%nextflow%] DEBUG o.a.i.s.c.j.JobStealingCollisionSpi - Maximum number of jobs to steal from node [jobsToSteal=2, node=f9e60338-85c4-4226-8795-1eecebc6021a]
Feb-29 11:38:38.424 [disco-event-worker-#50%nextflow%] DEBUG o.a.i.s.c.j.JobStealingCollisionSpi - Total number of jobs to be stolen: 1
Feb-29 11:38:38.424 [disco-event-worker-#50%nextflow%] DEBUG o.a.i.s.c.j.JobStealingCollisionSpi - Maximum number of jobs to steal from node [jobsToSteal=2, node=f9e60338-85c4-4226-8795-1eecebc6021a]
Feb-29 11:38:40.429 [disco-event-worker-#50%nextflow%] DEBUG o.a.i.s.c.j.JobStealingCollisionSpi - Total number of jobs to be stolen: 1
Feb-29 11:38:40.430 [disco-event-worker-#50%nextflow%] DEBUG o.a.i.s.c.j.JobStealingCollisionSpi - Maximum number of jobs to steal from node [jobsToSteal=2, node=f9e60338-85c4-4226-8795-1eecebc6021a]
Feb-29 11:38:42.435 [disco-event-worker-#50%nextflow%] DEBUG o.a.i.s.c.j.JobStealingCollisionSpi - Total number of jobs to be stolen: 1
Feb-29 11:38:42.435 [disco-event-worker-#50%nextflow%] DEBUG o.a.i.s.c.j.JobStealingCollisionSpi - Maximum number of jobs to steal from node [jobsToSteal=2, node=f9e60338-85c4-4226-8795-1eecebc6021a]
Feb-29 11:38:44.443 [disco-event-worker-#50%nextflow%] DEBUG o.a.i.s.c.j.JobStealingCollisionSpi - Total number of jobs to be stolen: 1
Feb-29 11:38:44.443 [disco-event-worker-#50%nextflow%] DEBUG o.a.i.s.c.j.JobStealingCollisionSpi - Maximum number of jobs to steal from node [jobsToSteal=2, node=f9e60338-85c4-4226-8795-1eecebc6021a]
Feb-29 11:38:46.452 [disco-event-worker-#50%nextflow%] DEBUG o.a.i.s.c.j.JobStealingCollisionSpi - Total number of jobs to be stolen: 1
Feb-29 11:38:46.452 [disco-event-worker-#50%nextflow%] DEBUG o.a.i.s.c.j.JobStealingCollisionSpi - Maximum number of jobs to steal from node [jobsToSteal=2, node=f9e60338-85c4-4226-8795-1eecebc6021a]
Feb-29 11:38:48.456 [disco-event-worker-#50%nextflow%] DEBUG o.a.i.s.c.j.JobStealingCollisionSpi - Total number of jobs to be stolen: 1
Feb-29 11:38:48.456 [disco-event-worker-#50%nextflow%] DEBUG o.a.i.s.c.j.JobStealingCollisionSpi - Maximum number of jobs to steal from node [jobsToSteal=2, node=f9e60338-85c4-4226-8795-1eecebc6021a]
Feb-29 11:38:50.463 [disco-event-worker-#50%nextflow%] DEBUG o.a.i.s.c.j.JobStealingCollisionSpi - Total number of jobs to be stolen: 1
Feb-29 11:38:50.463 [disco-event-worker-#50%nextflow%] DEBUG o.a.i.s.c.j.JobStealingCollisionSpi - Maximum number of jobs to steal from node [jobsToSteal=2, node=f9e60338-85c4-4226-8795-1eecebc6021a]
Feb-29 11:38:51.621 [grid-timeout-worker-#33%nextflow%] INFO  o.a.i.internal.IgniteKernal%nextflow - 
Metrics for local node (to disable set 'metricsLogFrequency' to 0)
    ^-- Node [id=4a472158, name=nextflow]
    ^-- H/N/C [hosts=1, nodes=2, CPUs=8]
    ^-- CPU [cur=0.23%, avg=0.31%, GC=0%]
    ^-- Heap [used=186MB, free=95.45%, comm=256MB]
    ^-- Public thread pool [active=0, idle=16, qSize=0]
    ^-- System thread pool [active=0, idle=16, qSize=0]
    ^-- Outbound messages queue [size=0]
Feb-29 11:38:52.469 [disco-event-worker-#50%nextflow%] DEBUG o.a.i.s.c.j.JobStealingCollisionSpi - Total number of jobs to be stolen: 1
Feb-29 11:38:52.469 [disco-event-worker-#50%nextflow%] DEBUG o.a.i.s.c.j.JobStealingCollisionSpi - Maximum number of jobs to steal from node [jobsToSteal=2, node=f9e60338-85c4-4226-8795-1eecebc6021a]
Feb-29 11:38:54.477 [disco-event-worker-#50%nextflow%] DEBUG o.a.i.s.c.j.JobStealingCollisionSpi - Total number of jobs to be stolen: 1
Feb-29 11:38:54.477 [disco-event-worker-#50%nextflow%] DEBUG o.a.i.s.c.j.JobStealingCollisionSpi - Maximum number of jobs to steal from node [jobsToSteal=2, node=f9e60338-85c4-4226-8795-1eecebc6021a]
Feb-29 11:38:56.485 [disco-event-worker-#50%nextflow%] DEBUG o.a.i.s.c.j.JobStealingCollisionSpi - Total number of jobs to be stolen: 1
Feb-29 11:38:56.486 [disco-event-worker-#50%nextflow%] DEBUG o.a.i.s.c.j.JobStealingCollisionSpi - Maximum number of jobs to steal from node [jobsToSteal=2, node=f9e60338-85c4-4226-8795-1eecebc6021a]
Feb-29 11:38:58.489 [disco-event-worker-#50%nextflow%] DEBUG o.a.i.s.c.j.JobStealingCollisionSpi - Total number of jobs to be stolen: 1
Feb-29 11:38:58.489 [disco-event-worker-#50%nextflow%] DEBUG o.a.i.s.c.j.JobStealingCollisionSpi - Maximum number of jobs to steal from node [jobsToSteal=2, node=f9e60338-85c4-4226-8795-1eecebc6021a]
Feb-29 11:39:00.499 [disco-event-worker-#50%nextflow%] DEBUG o.a.i.s.c.j.JobStealingCollisionSpi - Total number of jobs to be stolen: 1
Feb-29 11:39:00.499 [disco-event-worker-#50%nextflow%] DEBUG o.a.i.s.c.j.JobStealingCollisionSpi - Maximum number of jobs to steal from node [jobsToSteal=2, node=f9e60338-85c4-4226-8795-1eecebc6021a]
Feb-29 11:39:02.499 [disco-event-worker-#50%nextflow%] DEBUG o.a.i.s.c.j.JobStealingCollisionSpi - Total number of jobs to be stolen: 1
Feb-29 11:39:02.499 [disco-event-worker-#50%nextflow%] DEBUG o.a.i.s.c.j.JobStealingCollisionSpi - Maximum number of jobs to steal from node [jobsToSteal=2, node=f9e60338-85c4-4226-8795-1eecebc6021a]
Feb-29 11:39:04.501 [disco-event-worker-#50%nextflow%] DEBUG o.a.i.s.c.j.JobStealingCollisionSpi - Total number of jobs to be stolen: 1
Feb-29 11:39:04.502 [disco-event-worker-#50%nextflow%] DEBUG o.a.i.s.c.j.JobStealingCollisionSpi - Maximum number of jobs to steal from node [jobsToSteal=2, node=f9e60338-85c4-4226-8795-1eecebc6021a]
Feb-29 11:39:06.506 [disco-event-worker-#50%nextflow%] DEBUG o.a.i.s.c.j.JobStealingCollisionSpi - Total number of jobs to be stolen: 1
Feb-29 11:39:06.506 [disco-event-worker-#50%nextflow%] DEBUG o.a.i.s.c.j.JobStealingCollisionSpi - Maximum number of jobs to steal from node [jobsToSteal=2, node=f9e60338-85c4-4226-8795-1eecebc6021a]
Feb-29 11:39:08.509 [disco-event-worker-#50%nextflow%] DEBUG o.a.i.s.c.j.JobStealingCollisionSpi - Total number of jobs to be stolen: 1
Feb-29 11:39:08.509 [disco-event-worker-#50%nextflow%] DEBUG o.a.i.s.c.j.JobStealingCollisionSpi - Maximum number of jobs to steal from node [jobsToSteal=2, node=f9e60338-85c4-4226-8795-1eecebc6021a]
Feb-29 11:39:10.516 [disco-event-worker-#50%nextflow%] DEBUG o.a.i.s.c.j.JobStealingCollisionSpi - Total number of jobs to be stolen: 1
Feb-29 11:39:10.516 [disco-event-worker-#50%nextflow%] DEBUG o.a.i.s.c.j.JobStealingCollisionSpi - Maximum number of jobs to steal from node [jobsToSteal=2, node=f9e60338-85c4-4226-8795-1eecebc6021a]
Feb-29 11:39:12.525 [disco-event-worker-#50%nextflow%] DEBUG o.a.i.s.c.j.JobStealingCollisionSpi - Total number of jobs to be stolen: 1
Feb-29 11:39:12.525 [disco-event-worker-#50%nextflow%] DEBUG o.a.i.s.c.j.JobStealingCollisionSpi - Maximum number of jobs to steal from node [jobsToSteal=2, node=f9e60338-85c4-4226-8795-1eecebc6021a]
Feb-29 11:39:14.533 [disco-event-worker-#50%nextflow%] DEBUG o.a.i.s.c.j.JobStealingCollisionSpi - Total number of jobs to be stolen: 1
Feb-29 11:39:14.534 [disco-event-worker-#50%nextflow%] DEBUG o.a.i.s.c.j.JobStealingCollisionSpi - Maximum number of jobs to steal from node [jobsToSteal=2, node=f9e60338-85c4-4226-8795-1eecebc6021a]
Feb-29 11:39:16.537 [disco-event-worker-#50%nextflow%] DEBUG o.a.i.s.c.j.JobStealingCollisionSpi - Total number of jobs to be stolen: 1
Feb-29 11:39:16.538 [disco-event-worker-#50%nextflow%] DEBUG o.a.i.s.c.j.JobStealingCollisionSpi - Maximum number of jobs to steal from node [jobsToSteal=2, node=f9e60338-85c4-4226-8795-1eecebc6021a]
Feb-29 11:39:18.538 [disco-event-worker-#50%nextflow%] DEBUG o.a.i.s.c.j.JobStealingCollisionSpi - Total number of jobs to be stolen: 1
Feb-29 11:39:18.539 [disco-event-worker-#50%nextflow%] DEBUG o.a.i.s.c.j.JobStealingCollisionSpi - Maximum number of jobs to steal from node [jobsToSteal=2, node=f9e60338-85c4-4226-8795-1eecebc6021a]
Feb-29 11:39:20.542 [disco-event-worker-#50%nextflow%] DEBUG o.a.i.s.c.j.JobStealingCollisionSpi - Total number of jobs to be stolen: 1
Feb-29 11:39:20.542 [disco-event-worker-#50%nextflow%] DEBUG o.a.i.s.c.j.JobStealingCollisionSpi - Maximum number of jobs to steal from node [jobsToSteal=2, node=f9e60338-85c4-4226-8795-1eecebc6021a]
Feb-29 11:39:22.548 [disco-event-worker-#50%nextflow%] DEBUG o.a.i.s.c.j.JobStealingCollisionSpi - Total number of jobs to be stolen: 1
Feb-29 11:39:22.549 [disco-event-worker-#50%nextflow%] DEBUG o.a.i.s.c.j.JobStealingCollisionSpi - Maximum number of jobs to steal from node [jobsToSteal=2, node=f9e60338-85c4-4226-8795-1eecebc6021a]
Feb-29 11:39:24.542 [disco-event-worker-#50%nextflow%] DEBUG o.a.i.s.c.j.JobStealingCollisionSpi - Total number of jobs to be stolen: 1
Feb-29 11:39:24.542 [disco-event-worker-#50%nextflow%] DEBUG o.a.i.s.c.j.JobStealingCollisionSpi - Maximum number of jobs to steal from node [jobsToSteal=2, node=f9e60338-85c4-4226-8795-1eecebc6021a]
Feb-29 11:39:26.553 [disco-event-worker-#50%nextflow%] DEBUG o.a.i.s.c.j.JobStealingCollisionSpi - Total number of jobs to be stolen: 1
Feb-29 11:39:26.553 [disco-event-worker-#50%nextflow%] DEBUG o.a.i.s.c.j.JobStealingCollisionSpi - Maximum number of jobs to steal from node [jobsToSteal=2, node=f9e60338-85c4-4226-8795-1eecebc6021a]
Feb-29 11:39:28.557 [disco-event-worker-#50%nextflow%] DEBUG o.a.i.s.c.j.JobStealingCollisionSpi - Total number of jobs to be stolen: 1
Feb-29 11:39:28.558 [disco-event-worker-#50%nextflow%] DEBUG o.a.i.s.c.j.JobStealingCollisionSpi - Maximum number of jobs to steal from node [jobsToSteal=2, node=f9e60338-85c4-4226-8795-1eecebc6021a]
Feb-29 11:39:30.563 [disco-event-worker-#50%nextflow%] DEBUG o.a.i.s.c.j.JobStealingCollisionSpi - Total number of jobs to be stolen: 1
Feb-29 11:39:30.563 [disco-event-worker-#50%nextflow%] DEBUG o.a.i.s.c.j.JobStealingCollisionSpi - Maximum number of jobs to steal from node [jobsToSteal=2, node=f9e60338-85c4-4226-8795-1eecebc6021a]
Feb-29 11:39:32.565 [disco-event-worker-#50%nextflow%] DEBUG o.a.i.s.c.j.JobStealingCollisionSpi - Total number of jobs to be stolen: 1
Feb-29 11:39:32.565 [disco-event-worker-#50%nextflow%] DEBUG o.a.i.s.c.j.JobStealingCollisionSpi - Maximum number of jobs to steal from node [jobsToSteal=2, node=f9e60338-85c4-4226-8795-1eecebc6021a]
Feb-29 11:39:34.564 [disco-event-worker-#50%nextflow%] DEBUG o.a.i.s.c.j.JobStealingCollisionSpi - Total number of jobs to be stolen: 1
Feb-29 11:39:34.564 [disco-event-worker-#50%nextflow%] DEBUG o.a.i.s.c.j.JobStealingCollisionSpi - Maximum number of jobs to steal from node [jobsToSteal=2, node=f9e60338-85c4-4226-8795-1eecebc6021a]
Feb-29 11:39:36.575 [disco-event-worker-#50%nextflow%] DEBUG o.a.i.s.c.j.JobStealingCollisionSpi - Total number of jobs to be stolen: 1
Feb-29 11:39:36.576 [disco-event-worker-#50%nextflow%] DEBUG o.a.i.s.c.j.JobStealingCollisionSpi - Maximum number of jobs to steal from node [jobsToSteal=2, node=f9e60338-85c4-4226-8795-1eecebc6021a]
Feb-29 11:39:38.582 [disco-event-worker-#50%nextflow%] DEBUG o.a.i.s.c.j.JobStealingCollisionSpi - Total number of jobs to be stolen: 1
Feb-29 11:39:38.583 [disco-event-worker-#50%nextflow%] DEBUG o.a.i.s.c.j.JobStealingCollisionSpi - Maximum number of jobs to steal from node [jobsToSteal=2, node=f9e60338-85c4-4226-8795-1eecebc6021a]
Feb-29 11:39:40.583 [disco-event-worker-#50%nextflow%] DEBUG o.a.i.s.c.j.JobStealingCollisionSpi - Total number of jobs to be stolen: 1
Feb-29 11:39:40.584 [disco-event-worker-#50%nextflow%] DEBUG o.a.i.s.c.j.JobStealingCollisionSpi - Maximum number of jobs to steal from node [jobsToSteal=2, node=f9e60338-85c4-4226-8795-1eecebc6021a]
Feb-29 11:39:42.591 [disco-event-worker-#50%nextflow%] DEBUG o.a.i.s.c.j.JobStealingCollisionSpi - Total number of jobs to be stolen: 1
Feb-29 11:39:42.591 [disco-event-worker-#50%nextflow%] DEBUG o.a.i.s.c.j.JobStealingCollisionSpi - Maximum number of jobs to steal from node [jobsToSteal=2, node=f9e60338-85c4-4226-8795-1eecebc6021a]
Feb-29 11:39:44.599 [disco-event-worker-#50%nextflow%] DEBUG o.a.i.s.c.j.JobStealingCollisionSpi - Total number of jobs to be stolen: 1
Feb-29 11:39:44.599 [disco-event-worker-#50%nextflow%] DEBUG o.a.i.s.c.j.JobStealingCollisionSpi - Maximum number of jobs to steal from node [jobsToSteal=2, node=f9e60338-85c4-4226-8795-1eecebc6021a]
Feb-29 11:39:46.610 [disco-event-worker-#50%nextflow%] DEBUG o.a.i.s.c.j.JobStealingCollisionSpi - Total number of jobs to be stolen: 1
Feb-29 11:39:46.610 [disco-event-worker-#50%nextflow%] DEBUG o.a.i.s.c.j.JobStealingCollisionSpi - Maximum number of jobs to steal from node [jobsToSteal=2, node=f9e60338-85c4-4226-8795-1eecebc6021a]
Feb-29 11:39:48.611 [disco-event-worker-#50%nextflow%] DEBUG o.a.i.s.c.j.JobStealingCollisionSpi - Total number of jobs to be stolen: 1
Feb-29 11:39:48.611 [disco-event-worker-#50%nextflow%] DEBUG o.a.i.s.c.j.JobStealingCollisionSpi - Maximum number of jobs to steal from node [jobsToSteal=2, node=f9e60338-85c4-4226-8795-1eecebc6021a]
Feb-29 11:39:50.617 [disco-event-worker-#50%nextflow%] DEBUG o.a.i.s.c.j.JobStealingCollisionSpi - Total number of jobs to be stolen: 1
Feb-29 11:39:50.617 [disco-event-worker-#50%nextflow%] DEBUG o.a.i.s.c.j.JobStealingCollisionSpi - Maximum number of jobs to steal from node [jobsToSteal=2, node=f9e60338-85c4-4226-8795-1eecebc6021a]
Feb-29 11:39:51.627 [grid-timeout-worker-#33%nextflow%] INFO  o.a.i.internal.IgniteKernal%nextflow - 
Metrics for local node (to disable set 'metricsLogFrequency' to 0)
    ^-- Node [id=4a472158, name=nextflow]
    ^-- H/N/C [hosts=1, nodes=2, CPUs=8]
    ^-- CPU [cur=0.33%, avg=0.33%, GC=0%]
    ^-- Heap [used=104MB, free=97.44%, comm=295MB]
    ^-- Public thread pool [active=0, idle=16, qSize=0]
    ^-- System thread pool [active=0, idle=16, qSize=0]
    ^-- Outbound messages queue [size=0]
Feb-29 11:39:52.634 [disco-event-worker-#50%nextflow%] DEBUG o.a.i.s.c.j.JobStealingCollisionSpi - Total number of jobs to be stolen: 1
Feb-29 11:39:52.634 [disco-event-worker-#50%nextflow%] DEBUG o.a.i.s.c.j.JobStealingCollisionSpi - Maximum number of jobs to steal from node [jobsToSteal=2, node=f9e60338-85c4-4226-8795-1eecebc6021a]
Feb-29 11:39:54.631 [disco-event-worker-#50%nextflow%] DEBUG o.a.i.s.c.j.JobStealingCollisionSpi - Total number of jobs to be stolen: 1
Feb-29 11:39:54.632 [disco-event-worker-#50%nextflow%] DEBUG o.a.i.s.c.j.JobStealingCollisionSpi - Maximum number of jobs to steal from node [jobsToSteal=2, node=f9e60338-85c4-4226-8795-1eecebc6021a]
Feb-29 11:39:56.639 [disco-event-worker-#50%nextflow%] DEBUG o.a.i.s.c.j.JobStealingCollisionSpi - Total number of jobs to be stolen: 1
Feb-29 11:39:56.639 [disco-event-worker-#50%nextflow%] DEBUG o.a.i.s.c.j.JobStealingCollisionSpi - Maximum number of jobs to steal from node [jobsToSteal=2, node=f9e60338-85c4-4226-8795-1eecebc6021a]
Feb-29 11:39:58.638 [disco-event-worker-#50%nextflow%] DEBUG o.a.i.s.c.j.JobStealingCollisionSpi - Total number of jobs to be stolen: 1
Feb-29 11:39:58.638 [disco-event-worker-#50%nextflow%] DEBUG o.a.i.s.c.j.JobStealingCollisionSpi - Maximum number of jobs to steal from node [jobsToSteal=2, node=f9e60338-85c4-4226-8795-1eecebc6021a]
Feb-29 11:40:00.649 [disco-event-worker-#50%nextflow%] DEBUG o.a.i.s.c.j.JobStealingCollisionSpi - Total number of jobs to be stolen: 1
Feb-29 11:40:00.650 [disco-event-worker-#50%nextflow%] DEBUG o.a.i.s.c.j.JobStealingCollisionSpi - Maximum number of jobs to steal from node [jobsToSteal=2, node=f9e60338-85c4-4226-8795-1eecebc6021a]
Feb-29 11:40:02.645 [disco-event-worker-#50%nextflow%] DEBUG o.a.i.s.c.j.JobStealingCollisionSpi - Total number of jobs to be stolen: 1
Feb-29 11:40:02.645 [disco-event-worker-#50%nextflow%] DEBUG o.a.i.s.c.j.JobStealingCollisionSpi - Maximum number of jobs to steal from node [jobsToSteal=2, node=f9e60338-85c4-4226-8795-1eecebc6021a]
Feb-29 11:40:04.655 [disco-event-worker-#50%nextflow%] DEBUG o.a.i.s.c.j.JobStealingCollisionSpi - Total number of jobs to be stolen: 1
Feb-29 11:40:04.655 [disco-event-worker-#50%nextflow%] DEBUG o.a.i.s.c.j.JobStealingCollisionSpi - Maximum number of jobs to steal from node [jobsToSteal=2, node=f9e60338-85c4-4226-8795-1eecebc6021a]
Feb-29 11:40:06.654 [disco-event-worker-#50%nextflow%] DEBUG o.a.i.s.c.j.JobStealingCollisionSpi - Total number of jobs to be stolen: 1
Feb-29 11:40:06.654 [disco-event-worker-#50%nextflow%] DEBUG o.a.i.s.c.j.JobStealingCollisionSpi - Maximum number of jobs to steal from node [jobsToSteal=2, node=f9e60338-85c4-4226-8795-1eecebc6021a]
Feb-29 11:40:08.666 [disco-event-worker-#50%nextflow%] DEBUG o.a.i.s.c.j.JobStealingCollisionSpi - Total number of jobs to be stolen: 1
Feb-29 11:40:08.666 [disco-event-worker-#50%nextflow%] DEBUG o.a.i.s.c.j.JobStealingCollisionSpi - Maximum number of jobs to steal from node [jobsToSteal=2, node=f9e60338-85c4-4226-8795-1eecebc6021a]
Feb-29 11:40:10.677 [disco-event-worker-#50%nextflow%] DEBUG o.a.i.s.c.j.JobStealingCollisionSpi - Total number of jobs to be stolen: 1
Feb-29 11:40:10.677 [disco-event-worker-#50%nextflow%] DEBUG o.a.i.s.c.j.JobStealingCollisionSpi - Maximum number of jobs to steal from node [jobsToSteal=2, node=f9e60338-85c4-4226-8795-1eecebc6021a]
Feb-29 11:40:12.677 [disco-event-worker-#50%nextflow%] DEBUG o.a.i.s.c.j.JobStealingCollisionSpi - Total number of jobs to be stolen: 1
Feb-29 11:40:12.677 [disco-event-worker-#50%nextflow%] DEBUG o.a.i.s.c.j.JobStealingCollisionSpi - Maximum number of jobs to steal from node [jobsToSteal=2, node=f9e60338-85c4-4226-8795-1eecebc6021a]
Feb-29 11:40:14.681 [disco-event-worker-#50%nextflow%] DEBUG o.a.i.s.c.j.JobStealingCollisionSpi - Total number of jobs to be stolen: 1
Feb-29 11:40:14.681 [disco-event-worker-#50%nextflow%] DEBUG o.a.i.s.c.j.JobStealingCollisionSpi - Maximum number of jobs to steal from node [jobsToSteal=2, node=f9e60338-85c4-4226-8795-1eecebc6021a]
Feb-29 11:40:16.678 [disco-event-worker-#50%nextflow%] DEBUG o.a.i.s.c.j.JobStealingCollisionSpi - Total number of jobs to be stolen: 1
Feb-29 11:40:16.679 [disco-event-worker-#50%nextflow%] DEBUG o.a.i.s.c.j.JobStealingCollisionSpi - Maximum number of jobs to steal from node [jobsToSteal=2, node=f9e60338-85c4-4226-8795-1eecebc6021a]
Feb-29 11:40:18.686 [disco-event-worker-#50%nextflow%] DEBUG o.a.i.s.c.j.JobStealingCollisionSpi - Total number of jobs to be stolen: 1
Feb-29 11:40:18.687 [disco-event-worker-#50%nextflow%] DEBUG o.a.i.s.c.j.JobStealingCollisionSpi - Maximum number of jobs to steal from node [jobsToSteal=2, node=f9e60338-85c4-4226-8795-1eecebc6021a]
Feb-29 11:40:20.702 [disco-event-worker-#50%nextflow%] DEBUG o.a.i.s.c.j.JobStealingCollisionSpi - Total number of jobs to be stolen: 1
Feb-29 11:40:20.703 [disco-event-worker-#50%nextflow%] DEBUG o.a.i.s.c.j.JobStealingCollisionSpi - Maximum number of jobs to steal from node [jobsToSteal=2, node=f9e60338-85c4-4226-8795-1eecebc6021a]
Feb-29 11:40:22.703 [disco-event-worker-#50%nextflow%] DEBUG o.a.i.s.c.j.JobStealingCollisionSpi - Total number of jobs to be stolen: 1
Feb-29 11:40:22.704 [disco-event-worker-#50%nextflow%] DEBUG o.a.i.s.c.j.JobStealingCollisionSpi - Maximum number of jobs to steal from node [jobsToSteal=2, node=f9e60338-85c4-4226-8795-1eecebc6021a]
Feb-29 11:40:24.718 [disco-event-worker-#50%nextflow%] DEBUG o.a.i.s.c.j.JobStealingCollisionSpi - Total number of jobs to be stolen: 1
Feb-29 11:40:24.718 [disco-event-worker-#50%nextflow%] DEBUG o.a.i.s.c.j.JobStealingCollisionSpi - Maximum number of jobs to steal from node [jobsToSteal=2, node=f9e60338-85c4-4226-8795-1eecebc6021a]
Feb-29 11:40:26.721 [disco-event-worker-#50%nextflow%] DEBUG o.a.i.s.c.j.JobStealingCollisionSpi - Total number of jobs to be stolen: 1
Feb-29 11:40:26.722 [disco-event-worker-#50%nextflow%] DEBUG o.a.i.s.c.j.JobStealingCollisionSpi - Maximum number of jobs to steal from node [jobsToSteal=2, node=f9e60338-85c4-4226-8795-1eecebc6021a]
Feb-29 11:40:28.726 [disco-event-worker-#50%nextflow%] DEBUG o.a.i.s.c.j.JobStealingCollisionSpi - Total number of jobs to be stolen: 1
Feb-29 11:40:28.726 [disco-event-worker-#50%nextflow%] DEBUG o.a.i.s.c.j.JobStealingCollisionSpi - Maximum number of jobs to steal from node [jobsToSteal=2, node=f9e60338-85c4-4226-8795-1eecebc6021a]
Feb-29 11:40:30.729 [disco-event-worker-#50%nextflow%] DEBUG o.a.i.s.c.j.JobStealingCollisionSpi - Total number of jobs to be stolen: 1
Feb-29 11:40:30.730 [disco-event-worker-#50%nextflow%] DEBUG o.a.i.s.c.j.JobStealingCollisionSpi - Maximum number of jobs to steal from node [jobsToSteal=2, node=f9e60338-85c4-4226-8795-1eecebc6021a]
Feb-29 11:40:32.734 [disco-event-worker-#50%nextflow%] DEBUG o.a.i.s.c.j.JobStealingCollisionSpi - Total number of jobs to be stolen: 1
Feb-29 11:40:32.734 [disco-event-worker-#50%nextflow%] DEBUG o.a.i.s.c.j.JobStealingCollisionSpi - Maximum number of jobs to steal from node [jobsToSteal=2, node=f9e60338-85c4-4226-8795-1eecebc6021a]
Feb-29 11:40:34.750 [disco-event-worker-#50%nextflow%] DEBUG o.a.i.s.c.j.JobStealingCollisionSpi - Total number of jobs to be stolen: 1
Feb-29 11:40:34.751 [disco-event-worker-#50%nextflow%] DEBUG o.a.i.s.c.j.JobStealingCollisionSpi - Maximum number of jobs to steal from node [jobsToSteal=2, node=f9e60338-85c4-4226-8795-1eecebc6021a]
Feb-29 11:40:36.756 [disco-event-worker-#50%nextflow%] DEBUG o.a.i.s.c.j.JobStealingCollisionSpi - Total number of jobs to be stolen: 1
Feb-29 11:40:36.757 [disco-event-worker-#50%nextflow%] DEBUG o.a.i.s.c.j.JobStealingCollisionSpi - Maximum number of jobs to steal from node [jobsToSteal=2, node=f9e60338-85c4-4226-8795-1eecebc6021a]
Feb-29 11:40:38.758 [disco-event-worker-#50%nextflow%] DEBUG o.a.i.s.c.j.JobStealingCollisionSpi - Total number of jobs to be stolen: 1
Feb-29 11:40:38.758 [disco-event-worker-#50%nextflow%] DEBUG o.a.i.s.c.j.JobStealingCollisionSpi - Maximum number of jobs to steal from node [jobsToSteal=2, node=f9e60338-85c4-4226-8795-1eecebc6021a]
Feb-29 11:40:40.769 [disco-event-worker-#50%nextflow%] DEBUG o.a.i.s.c.j.JobStealingCollisionSpi - Total number of jobs to be stolen: 1
Feb-29 11:40:40.769 [disco-event-worker-#50%nextflow%] DEBUG o.a.i.s.c.j.JobStealingCollisionSpi - Maximum number of jobs to steal from node [jobsToSteal=2, node=f9e60338-85c4-4226-8795-1eecebc6021a]
Feb-29 11:40:42.773 [disco-event-worker-#50%nextflow%] DEBUG o.a.i.s.c.j.JobStealingCollisionSpi - Total number of jobs to be stolen: 1
Feb-29 11:40:42.773 [disco-event-worker-#50%nextflow%] DEBUG o.a.i.s.c.j.JobStealingCollisionSpi - Maximum number of jobs to steal from node [jobsToSteal=2, node=f9e60338-85c4-4226-8795-1eecebc6021a]
Feb-29 11:40:44.776 [disco-event-worker-#50%nextflow%] DEBUG o.a.i.s.c.j.JobStealingCollisionSpi - Total number of jobs to be stolen: 1
Feb-29 11:40:44.776 [disco-event-worker-#50%nextflow%] DEBUG o.a.i.s.c.j.JobStealingCollisionSpi - Maximum number of jobs to steal from node [jobsToSteal=2, node=f9e60338-85c4-4226-8795-1eecebc6021a]
Feb-29 11:40:46.781 [disco-event-worker-#50%nextflow%] DEBUG o.a.i.s.c.j.JobStealingCollisionSpi - Total number of jobs to be stolen: 1
Feb-29 11:40:46.781 [disco-event-worker-#50%nextflow%] DEBUG o.a.i.s.c.j.JobStealingCollisionSpi - Maximum number of jobs to steal from node [jobsToSteal=2, node=f9e60338-85c4-4226-8795-1eecebc6021a]
Feb-29 11:40:48.782 [disco-event-worker-#50%nextflow%] DEBUG o.a.i.s.c.j.JobStealingCollisionSpi - Total number of jobs to be stolen: 1
Feb-29 11:40:48.782 [disco-event-worker-#50%nextflow%] DEBUG o.a.i.s.c.j.JobStealingCollisionSpi - Maximum number of jobs to steal from node [jobsToSteal=2, node=f9e60338-85c4-4226-8795-1eecebc6021a]
Feb-29 11:40:50.790 [disco-event-worker-#50%nextflow%] DEBUG o.a.i.s.c.j.JobStealingCollisionSpi - Total number of jobs to be stolen: 1
Feb-29 11:40:50.790 [disco-event-worker-#50%nextflow%] DEBUG o.a.i.s.c.j.JobStealingCollisionSpi - Maximum number of jobs to steal from node [jobsToSteal=2, node=f9e60338-85c4-4226-8795-1eecebc6021a]
Feb-29 11:40:51.637 [grid-timeout-worker-#33%nextflow%] INFO  o.a.i.internal.IgniteKernal%nextflow - 
Metrics for local node (to disable set 'metricsLogFrequency' to 0)
    ^-- Node [id=4a472158, name=nextflow]
    ^-- H/N/C [hosts=1, nodes=2, CPUs=8]
    ^-- CPU [cur=0.3%, avg=0.32%, GC=0%]
    ^-- Heap [used=125MB, free=96.93%, comm=295MB]
    ^-- Public thread pool [active=0, idle=16, qSize=0]
    ^-- System thread pool [active=0, idle=16, qSize=0]
    ^-- Outbound messages queue [size=0]
Feb-29 11:40:52.792 [disco-event-worker-#50%nextflow%] DEBUG o.a.i.s.c.j.JobStealingCollisionSpi - Total number of jobs to be stolen: 1
Feb-29 11:40:52.792 [disco-event-worker-#50%nextflow%] DEBUG o.a.i.s.c.j.JobStealingCollisionSpi - Maximum number of jobs to steal from node [jobsToSteal=2, node=f9e60338-85c4-4226-8795-1eecebc6021a]
Feb-29 11:40:54.794 [disco-event-worker-#50%nextflow%] DEBUG o.a.i.s.c.j.JobStealingCollisionSpi - Total number of jobs to be stolen: 1
Feb-29 11:40:54.794 [disco-event-worker-#50%nextflow%] DEBUG o.a.i.s.c.j.JobStealingCollisionSpi - Maximum number of jobs to steal from node [jobsToSteal=2, node=f9e60338-85c4-4226-8795-1eecebc6021a]
Feb-29 11:40:56.797 [disco-event-worker-#50%nextflow%] DEBUG o.a.i.s.c.j.JobStealingCollisionSpi - Total number of jobs to be stolen: 1
Feb-29 11:40:56.798 [disco-event-worker-#50%nextflow%] DEBUG o.a.i.s.c.j.JobStealingCollisionSpi - Maximum number of jobs to steal from node [jobsToSteal=2, node=f9e60338-85c4-4226-8795-1eecebc6021a]
Feb-29 11:40:58.807 [disco-event-worker-#50%nextflow%] DEBUG o.a.i.s.c.j.JobStealingCollisionSpi - Total number of jobs to be stolen: 1
Feb-29 11:40:58.808 [disco-event-worker-#50%nextflow%] DEBUG o.a.i.s.c.j.JobStealingCollisionSpi - Maximum number of jobs to steal from node [jobsToSteal=2, node=f9e60338-85c4-4226-8795-1eecebc6021a]
Feb-29 11:41:00.806 [disco-event-worker-#50%nextflow%] DEBUG o.a.i.s.c.j.JobStealingCollisionSpi - Total number of jobs to be stolen: 1
Feb-29 11:41:00.807 [disco-event-worker-#50%nextflow%] DEBUG o.a.i.s.c.j.JobStealingCollisionSpi - Maximum number of jobs to steal from node [jobsToSteal=2, node=f9e60338-85c4-4226-8795-1eecebc6021a]
Feb-29 11:41:02.814 [disco-event-worker-#50%nextflow%] DEBUG o.a.i.s.c.j.JobStealingCollisionSpi - Total number of jobs to be stolen: 1
Feb-29 11:41:02.815 [disco-event-worker-#50%nextflow%] DEBUG o.a.i.s.c.j.JobStealingCollisionSpi - Maximum number of jobs to steal from node [jobsToSteal=2, node=f9e60338-85c4-4226-8795-1eecebc6021a]
Feb-29 11:41:04.816 [disco-event-worker-#50%nextflow%] DEBUG o.a.i.s.c.j.JobStealingCollisionSpi - Total number of jobs to be stolen: 1
Feb-29 11:41:04.816 [disco-event-worker-#50%nextflow%] DEBUG o.a.i.s.c.j.JobStealingCollisionSpi - Maximum number of jobs to steal from node [jobsToSteal=2, node=f9e60338-85c4-4226-8795-1eecebc6021a]
Feb-29 11:41:06.827 [disco-event-worker-#50%nextflow%] DEBUG o.a.i.s.c.j.JobStealingCollisionSpi - Total number of jobs to be stolen: 1
Feb-29 11:41:06.827 [disco-event-worker-#50%nextflow%] DEBUG o.a.i.s.c.j.JobStealingCollisionSpi - Maximum number of jobs to steal from node [jobsToSteal=2, node=f9e60338-85c4-4226-8795-1eecebc6021a]
Feb-29 11:41:08.832 [disco-event-worker-#50%nextflow%] DEBUG o.a.i.s.c.j.JobStealingCollisionSpi - Total number of jobs to be stolen: 1
Feb-29 11:41:08.832 [disco-event-worker-#50%nextflow%] DEBUG o.a.i.s.c.j.JobStealingCollisionSpi - Maximum number of jobs to steal from node [jobsToSteal=2, node=f9e60338-85c4-4226-8795-1eecebc6021a]
Feb-29 11:41:10.840 [disco-event-worker-#50%nextflow%] DEBUG o.a.i.s.c.j.JobStealingCollisionSpi - Total number of jobs to be stolen: 1
Feb-29 11:41:10.840 [disco-event-worker-#50%nextflow%] DEBUG o.a.i.s.c.j.JobStealingCollisionSpi - Maximum number of jobs to steal from node [jobsToSteal=2, node=f9e60338-85c4-4226-8795-1eecebc6021a]
Feb-29 11:41:12.646 [disco-event-worker-#50%nextflow%] INFO  o.a.i.i.m.d.GridDiscoveryManager - Node left topology: TcpDiscoveryNode [id=f9e60338-85c4-4226-8795-1eecebc6021a, addrs=[0:0:0:0:0:0:0:1, 127.0.0.1, 172.17.4.178], sockAddrs=[/172.17.4.178:47500, /0:0:0:0:0:0:0:1:47500, /127.0.0.1:47500, /172.17.4.178:47500], discPort=47500, order=1, intOrder=1, lastExchangeTime=1456742271183, loc=false, ver=1.5.0#20151229-sha1:f1f8cda2, isClient=false]
Feb-29 11:41:12.647 [disco-event-worker-#50%nextflow%] INFO  o.a.i.i.m.d.GridDiscoveryManager - Topology snapshot [ver=3, servers=1, clients=0, CPUs=8, heap=4.0GB]
Feb-29 11:41:12.649 [disco-event-worker-#50%nextflow%] DEBUG o.a.i.s.c.j.JobStealingCollisionSpi - Total number of jobs to be stolen: 1
Feb-29 11:41:12.659 [disco-event-worker-#50%nextflow%] DEBUG o.a.i.s.c.j.JobStealingCollisionSpi - Total number of jobs to be stolen: 1
Feb-29 11:41:12.681 [exchange-worker-#53%nextflow%] INFO  o.a.i.i.p.c.GridCachePartitionExchangeManager - Skipping rebalancing (nothing scheduled) [top=AffinityTopologyVersion [topVer=3, minorTopVer=0], evt=NODE_LEFT, node=f9e60338-85c4-4226-8795-1eecebc6021a]
Feb-29 11:41:12.851 [bind-worker-#48%nextflow%] INFO  o.a.i.i.u.i.s.IpcSharedMemoryServerEndpoint - IPC shared memory server endpoint started [port=10500, tokDir=/Users/pditommaso/scratch/temp/ignite/ipc/shmem/4a472158-695d-4967-a09c-0169492acc68-4375]
Feb-29 11:41:12.853 [bind-worker-#48%nextflow%] INFO  o.a.i.i.u.i.l.IpcServerTcpEndpoint - IPC server loopback endpoint started [port=11400]
Feb-29 11:41:14.647 [Thread-3] INFO  o.a.ignite.internal.util.typedef.G - Invoking shutdown hook...
Feb-29 11:41:14.652 [Thread-3] INFO  o.a.i.i.p.r.p.t.GridTcpRestProtocol - Command protocol successfully stopped: TCP binary
Feb-29 11:41:14.660 [Thread-3] INFO  o.a.i.i.p.cache.GridCacheProcessor - Stopped cache: resourceCache
Feb-29 11:41:14.660 [Thread-3] INFO  o.a.i.i.p.cache.GridCacheProcessor - Stopped cache: allSessions
Feb-29 11:41:14.660 [Thread-3] INFO  o.a.i.i.p.cache.GridCacheProcessor - Stopped cache: ignite-marshaller-sys-cache
Feb-29 11:41:14.661 [Thread-3] INFO  o.a.i.i.p.cache.GridCacheProcessor - Stopped cache: ignite-sys-cache
Feb-29 11:41:14.661 [Thread-3] INFO  o.a.i.i.p.cache.GridCacheProcessor - Stopped cache: ignite-atomics-sys-cache
Feb-29 11:41:14.661 [Thread-3] INFO  o.a.i.i.p.cache.GridCacheProcessor - Stopped cache: igfs-meta
Feb-29 11:41:14.661 [Thread-3] INFO  o.a.i.i.p.cache.GridCacheProcessor - Stopped cache: igfs-data
Feb-29 11:41:14.661 [Thread-3] DEBUG o.a.i.s.c.j.JobStealingCollisionSpi - Unregistered SPI MBean: org.apache:clsLdr=33909752,grid=nextflow,group=SPIs,name=JobStealingCollisionSpi
Feb-29 11:41:14.661 [Thread-3] DEBUG o.a.i.s.c.j.JobStealingCollisionSpi - SPI stopped ok.
Feb-29 11:41:14.661 [Thread-3] DEBUG nextflow.scheduler.JobBalancerSpi - Unregistered SPI MBean: org.apache:clsLdr=33909752,grid=nextflow,group=SPIs,name=JobBalancerSpi
Feb-29 11:41:14.662 [Thread-3] DEBUG nextflow.scheduler.JobBalancerSpi - SPI stopped ok.
Feb-29 11:41:14.682 [Thread-3] INFO  o.a.i.internal.IgniteKernal%nextflow - 

>>> +---------------------------------------------------------------------------------------+
>>> Ignite ver. 1.5.0-final#20151229-sha1:f1f8cda2f3f62231f42a59951bf34c39577c1bec stopped OK
>>> +---------------------------------------------------------------------------------------+
>>> Grid name: nextflow
>>> Grid uptime: 00:03:23:57


